#
# There is insufficient memory for the Java Runtime Environment to continue.
# Native memory allocation (malloc) failed to allocate 32744 bytes for ChunkPool::allocate
# Possible reasons:
#   The system is out of physical RAM or swap space
#   The process is running with CompressedOops enabled, and the Java Heap may be blocking the growth of the native heap
# Possible solutions:
#   Reduce memory load on the system
#   Increase physical memory or swap space
#   Check if swap backing store is full
#   Decrease Java heap size (-Xmx/-Xms)
#   Decrease number of Java threads
#   Decrease Java thread stack sizes (-Xss)
#   Set larger code cache with -XX:ReservedCodeCacheSize=
#   JVM is running with Unscaled Compressed Oops mode in which the Java heap is
#     placed in the first 4GB address space. The Java Heap base address is the
#     maximum limit for the native heap growth. Please use -XX:HeapBaseMinAddress
#     to set the Java Heap base and to place the Java Heap above 4GB virtual address.
# This output file may be truncated or incomplete.
#
#  Out of Memory Error (arena.cpp:78), pid=20560, tid=21596
#
# JRE version: Java(TM) SE Runtime Environment (17.0.12+8) (build 17.0.12+8-LTS-286)
# Java VM: Java HotSpot(TM) 64-Bit Server VM (17.0.12+8-LTS-286, mixed mode, sharing, tiered, compressed oops, compressed class ptrs, g1 gc, windows-amd64)
# No core dump will be written. Minidumps are not enabled by default on client versions of Windows
#

---------------  S U M M A R Y ------------

Command Line: -Xmx64m -Xms64m -Dorg.gradle.appname=gradlew D:\Faris\App\frontend\android\\gradle\wrapper\gradle-wrapper.jar assembleRelease --no-daemon

Host: Intel(R) Core(TM) i5-6300U CPU @ 2.40GHz, 4 cores, 15G,  Windows 11 , 64 bit Build 22000 (10.0.22000.2538)
Time: Wed Mar  4 19:44:50 2026 India Standard Time elapsed time: 429.151423 seconds (0d 0h 7m 9s)

---------------  T H R E A D  ---------------

Current thread (0x000001c1cd330220):  JavaThread "C2 CompilerThread0" daemon [_thread_in_native, id=21596, stack(0x0000005f16000000,0x0000005f16100000)]


Current CompileTask:
C2: 429151 1861       4       org.gradle.internal.logging.text.AbstractLineChoppingStyledTextOutput$1::execute (9 bytes)

Stack: [0x0000005f16000000,0x0000005f16100000]
Native frames: (J=compiled Java code, j=interpreted, Vv=VM code, C=native code)
V  [jvm.dll+0x67a04a]
V  [jvm.dll+0x7da4ed]
V  [jvm.dll+0x7dbe33]
V  [jvm.dll+0x7dc4a3]
V  [jvm.dll+0x24508f]
V  [jvm.dll+0xab9a4]
V  [jvm.dll+0xabd3c]
V  [jvm.dll+0xab884]
V  [jvm.dll+0x657c8c]
V  [jvm.dll+0x1b8bda]
V  [jvm.dll+0x33e1fd]
V  [jvm.dll+0x33c99c]
V  [jvm.dll+0x1a6749]
V  [jvm.dll+0x2a975c]
V  [jvm.dll+0x6923b6]
V  [jvm.dll+0x68a3d5]
V  [jvm.dll+0x689a20]
V  [jvm.dll+0x687932]
V  [jvm.dll+0x1a5bac]
V  [jvm.dll+0x1a6708]
V  [jvm.dll+0x1a6708]
V  [jvm.dll+0x2a975c]
V  [jvm.dll+0x6923b6]
V  [jvm.dll+0x68a3d5]
V  [jvm.dll+0x689a20]
V  [jvm.dll+0x687932]
V  [jvm.dll+0x1a5bac]
V  [jvm.dll+0x1a6708]
V  [jvm.dll+0x2a975c]
V  [jvm.dll+0x6923b6]
V  [jvm.dll+0x68a3d5]
V  [jvm.dll+0x689a20]
V  [jvm.dll+0x687932]
V  [jvm.dll+0x1a5bac]
V  [jvm.dll+0x1a6708]
V  [jvm.dll+0x2a975c]
V  [jvm.dll+0x6923b6]
V  [jvm.dll+0x68a3d5]
V  [jvm.dll+0x689a20]
V  [jvm.dll+0x687932]
V  [jvm.dll+0x1a5bac]
V  [jvm.dll+0x1a6708]
V  [jvm.dll+0x1a6708]
V  [jvm.dll+0x2a975c]
V  [jvm.dll+0x6923b6]
V  [jvm.dll+0x68a3d5]
V  [jvm.dll+0x689a20]
V  [jvm.dll+0x687932]
V  [jvm.dll+0x1a5bac]
V  [jvm.dll+0x1a6708]
V  [jvm.dll+0x1a6708]
V  [jvm.dll+0x2a975c]
V  [jvm.dll+0x6923b6]
V  [jvm.dll+0x68a3d5]
V  [jvm.dll+0x689a20]
V  [jvm.dll+0x687932]
V  [jvm.dll+0x1a5bac]
V  [jvm.dll+0x1a6708]
V  [jvm.dll+0x2a975c]
V  [jvm.dll+0x6923b6]
V  [jvm.dll+0x68a3d5]
V  [jvm.dll+0x689a20]
V  [jvm.dll+0x687932]
V  [jvm.dll+0x1a5bac]
V  [jvm.dll+0x1a6708]
V  [jvm.dll+0x2a975c]
V  [jvm.dll+0x6923b6]
V  [jvm.dll+0x68a3d5]
V  [jvm.dll+0x689a20]
V  [jvm.dll+0x687932]
V  [jvm.dll+0x1a5bac]
V  [jvm.dll+0x1a6708]
V  [jvm.dll+0x2a975c]
V  [jvm.dll+0x6923b6]
V  [jvm.dll+0x68a3d5]
V  [jvm.dll+0x689a20]
V  [jvm.dll+0x687932]
V  [jvm.dll+0x1a5bac]
V  [jvm.dll+0x1a6708]
V  [jvm.dll+0x2a975c]
V  [jvm.dll+0x6923b6]
V  [jvm.dll+0x68a3d5]
V  [jvm.dll+0x689a20]
V  [jvm.dll+0x687932]
V  [jvm.dll+0x1a5bac]
V  [jvm.dll+0x1a6708]
V  [jvm.dll+0x2a975c]
V  [jvm.dll+0x6923b6]
V  [jvm.dll+0x68a3d5]
V  [jvm.dll+0x689a20]
V  [jvm.dll+0x687932]
V  [jvm.dll+0x1a5bac]
V  [jvm.dll+0x215818]
V  [jvm.dll+0x1a2960]
V  [jvm.dll+0x22610b]
V  [jvm.dll+0x2242ab]
V  [jvm.dll+0x79075c]
V  [jvm.dll+0x78abea]
V  [jvm.dll+0x678f35]
...<more frames>...


---------------  P R O C E S S  ---------------

Threads class SMR info:
_java_thread_list=0x000001c1cd7bc7a0, length=14, elements={
0x000001c1b2495fe0, 0x000001c1b2569760, 0x000001c1b256a3e0, 0x000001c1cd32d330,
0x000001c1cd32e100, 0x000001c1cd32eac0, 0x000001c1cd32f480, 0x000001c1cd330220,
0x000001c1cd33acf0, 0x000001c1cd37d5d0, 0x000001c1cd59c0e0, 0x000001c1cd5a05e0,
0x000001c1cd776df0, 0x000001c213a03aa0
}

Java Threads: ( => current thread )
  0x000001c1b2495fe0 JavaThread "main" [_thread_blocked, id=6796, stack(0x0000005f15300000,0x0000005f15400000)]
  0x000001c1b2569760 JavaThread "Reference Handler" daemon [_thread_blocked, id=21224, stack(0x0000005f15a00000,0x0000005f15b00000)]
  0x000001c1b256a3e0 JavaThread "Finalizer" daemon [_thread_blocked, id=1136, stack(0x0000005f15b00000,0x0000005f15c00000)]
  0x000001c1cd32d330 JavaThread "Signal Dispatcher" daemon [_thread_blocked, id=15888, stack(0x0000005f15c00000,0x0000005f15d00000)]
  0x000001c1cd32e100 JavaThread "Attach Listener" daemon [_thread_blocked, id=22452, stack(0x0000005f15d00000,0x0000005f15e00000)]
  0x000001c1cd32eac0 JavaThread "Service Thread" daemon [_thread_blocked, id=8216, stack(0x0000005f15e00000,0x0000005f15f00000)]
  0x000001c1cd32f480 JavaThread "Monitor Deflation Thread" daemon [_thread_blocked, id=19208, stack(0x0000005f15f00000,0x0000005f16000000)]
=>0x000001c1cd330220 JavaThread "C2 CompilerThread0" daemon [_thread_in_native, id=21596, stack(0x0000005f16000000,0x0000005f16100000)]
  0x000001c1cd33acf0 JavaThread "C1 CompilerThread0" daemon [_thread_blocked, id=19860, stack(0x0000005f16100000,0x0000005f16200000)]
  0x000001c1cd37d5d0 JavaThread "Sweeper thread" daemon [_thread_blocked, id=22036, stack(0x0000005f16200000,0x0000005f16300000)]
  0x000001c1cd59c0e0 JavaThread "Notification Thread" daemon [_thread_blocked, id=6896, stack(0x0000005f16300000,0x0000005f16400000)]
  0x000001c1cd5a05e0 JavaThread "Common-Cleaner" daemon [_thread_blocked, id=15744, stack(0x0000005f16500000,0x0000005f16600000)]
  0x000001c1cd776df0 JavaThread "DisconnectableInputStream source reader" daemon [_thread_in_native, id=2300, stack(0x0000005f16b00000,0x0000005f16c00000)]
  0x000001c213a03aa0 JavaThread "Logging-Cleaner" [_thread_new, id=2408, stack(0x0000000000000000,0x0000000000000000)]

Other Threads:
  0x000001c1b2561c40 VMThread "VM Thread" [stack: 0x0000005f15900000,0x0000005f15a00000] [id=22268]
  0x000001c1cd59faa0 WatcherThread [stack: 0x0000005f16400000,0x0000005f16500000] [id=21136]
  0x000001c1b24b38c0 GCTaskThread "GC Thread#0" [stack: 0x0000005f15400000,0x0000005f15500000] [id=22892]
  0x000001c1cd7fee30 GCTaskThread "GC Thread#1" [stack: 0x0000005f16600000,0x0000005f16700000] [id=7088]
  0x000001c1cd7c34f0 GCTaskThread "GC Thread#2" [stack: 0x0000005f16700000,0x0000005f16800000] [id=21968]
  0x000001c1cd7c37b0 GCTaskThread "GC Thread#3" [stack: 0x0000005f16800000,0x0000005f16900000] [id=508]
  0x000001c1b24b5f20 ConcurrentGCThread "G1 Main Marker" [stack: 0x0000005f15500000,0x0000005f15600000] [id=20816]
  0x000001c1b24b7840 ConcurrentGCThread "G1 Conc#0" [stack: 0x0000005f15600000,0x0000005f15700000] [id=20640]
  0x000001c1b2509e50 ConcurrentGCThread "G1 Refine#0" [stack: 0x0000005f15700000,0x0000005f15800000] [id=15832]
  0x000001c1b250a780 ConcurrentGCThread "G1 Service" [stack: 0x0000005f15800000,0x0000005f15900000] [id=4100]

Threads with active compile tasks:
C2 CompilerThread0   429363 1861       4       org.gradle.internal.logging.text.AbstractLineChoppingStyledTextOutput$1::execute (9 bytes)

VM state: not at safepoint (normal execution)

VM Mutex/Monitor currently owned by a thread: None

Heap address: 0x00000000fc000000, size: 64 MB, Compressed Oops mode: 32-bit

CDS archive(s) mapped at: [0x000001c1ce000000-0x000001c1cebd0000-0x000001c1cebd0000), size 12386304, SharedBaseAddress: 0x000001c1ce000000, ArchiveRelocationMode: 1.
Compressed class space mapped at: 0x000001c1cf000000-0x000001c20f000000, reserved size: 1073741824
Narrow klass base: 0x000001c1ce000000, Narrow klass shift: 0, Narrow klass range: 0x100000000

GC Precious Log:
 CPUs: 4 total, 4 available
 Memory: 16275M
 Large Page Support: Disabled
 NUMA Support: Disabled
 Compressed Oops: Enabled (32-bit)
 Heap Region Size: 1M
 Heap Min Capacity: 64M
 Heap Initial Capacity: 64M
 Heap Max Capacity: 64M
 Pre-touch: Disabled
 Parallel Workers: 4
 Concurrent Workers: 1
 Concurrent Refinement Workers: 4
 Periodic GC: Disabled

Heap:
 garbage-first heap   total 65536K, used 34834K [0x00000000fc000000, 0x0000000100000000)
  region size 1024K, 27 young (27648K), 3 survivors (3072K)
 Metaspace       used 10159K, committed 10368K, reserved 1114112K
  class space    used 1337K, committed 1408K, reserved 1048576K

Heap Regions: E=young(eden), S=young(survivor), O=old, HS=humongous(starts), HC=humongous(continues), CS=collection set, F=free, OA=open archive, CA=closed archive, TAMS=top-at-mark-start (previous, next)
|   0|0x00000000fc000000, 0x00000000fc100000, 0x00000000fc100000|100%|HS|  |TAMS 0x00000000fc000000, 0x00000000fc000000| Complete 
|   1|0x00000000fc100000, 0x00000000fc200000, 0x00000000fc200000|100%|HC|  |TAMS 0x00000000fc100000, 0x00000000fc100000| Complete 
|   2|0x00000000fc200000, 0x00000000fc300000, 0x00000000fc300000|100%|HC|  |TAMS 0x00000000fc200000, 0x00000000fc200000| Complete 
|   3|0x00000000fc300000, 0x00000000fc400000, 0x00000000fc400000|100%|HC|  |TAMS 0x00000000fc300000, 0x00000000fc300000| Complete 
|   4|0x00000000fc400000, 0x00000000fc500000, 0x00000000fc500000|100%| O|  |TAMS 0x00000000fc400000, 0x00000000fc400000| Untracked 
|   5|0x00000000fc500000, 0x00000000fc600000, 0x00000000fc600000|100%| O|  |TAMS 0x00000000fc500000, 0x00000000fc500000| Untracked 
|   6|0x00000000fc600000, 0x00000000fc700000, 0x00000000fc700000|100%| O|  |TAMS 0x00000000fc600000, 0x00000000fc600000| Untracked 
|   7|0x00000000fc700000, 0x00000000fc800000, 0x00000000fc800000|100%| O|  |TAMS 0x00000000fc700000, 0x00000000fc700000| Untracked 
|   8|0x00000000fc800000, 0x00000000fc804a00, 0x00000000fc900000|  1%| O|  |TAMS 0x00000000fc800000, 0x00000000fc800000| Untracked 
|   9|0x00000000fc900000, 0x00000000fc900000, 0x00000000fca00000|  0%| F|  |TAMS 0x00000000fc900000, 0x00000000fc900000| Untracked 
|  10|0x00000000fca00000, 0x00000000fca00000, 0x00000000fcb00000|  0%| F|  |TAMS 0x00000000fca00000, 0x00000000fca00000| Untracked 
|  11|0x00000000fcb00000, 0x00000000fcb00000, 0x00000000fcc00000|  0%| F|  |TAMS 0x00000000fcb00000, 0x00000000fcb00000| Untracked 
|  12|0x00000000fcc00000, 0x00000000fcc00000, 0x00000000fcd00000|  0%| F|  |TAMS 0x00000000fcc00000, 0x00000000fcc00000| Untracked 
|  13|0x00000000fcd00000, 0x00000000fcd00000, 0x00000000fce00000|  0%| F|  |TAMS 0x00000000fcd00000, 0x00000000fcd00000| Untracked 
|  14|0x00000000fce00000, 0x00000000fce00000, 0x00000000fcf00000|  0%| F|  |TAMS 0x00000000fce00000, 0x00000000fce00000| Untracked 
|  15|0x00000000fcf00000, 0x00000000fcf00000, 0x00000000fd000000|  0%| F|  |TAMS 0x00000000fcf00000, 0x00000000fcf00000| Untracked 
|  16|0x00000000fd000000, 0x00000000fd000000, 0x00000000fd100000|  0%| F|  |TAMS 0x00000000fd000000, 0x00000000fd000000| Untracked 
|  17|0x00000000fd100000, 0x00000000fd100000, 0x00000000fd200000|  0%| F|  |TAMS 0x00000000fd100000, 0x00000000fd100000| Untracked 
|  18|0x00000000fd200000, 0x00000000fd200000, 0x00000000fd300000|  0%| F|  |TAMS 0x00000000fd200000, 0x00000000fd200000| Untracked 
|  19|0x00000000fd300000, 0x00000000fd300000, 0x00000000fd400000|  0%| F|  |TAMS 0x00000000fd300000, 0x00000000fd300000| Untracked 
|  20|0x00000000fd400000, 0x00000000fd400000, 0x00000000fd500000|  0%| F|  |TAMS 0x00000000fd400000, 0x00000000fd400000| Untracked 
|  21|0x00000000fd500000, 0x00000000fd500000, 0x00000000fd600000|  0%| F|  |TAMS 0x00000000fd500000, 0x00000000fd500000| Untracked 
|  22|0x00000000fd600000, 0x00000000fd600000, 0x00000000fd700000|  0%| F|  |TAMS 0x00000000fd600000, 0x00000000fd600000| Untracked 
|  23|0x00000000fd700000, 0x00000000fd700000, 0x00000000fd800000|  0%| F|  |TAMS 0x00000000fd700000, 0x00000000fd700000| Untracked 
|  24|0x00000000fd800000, 0x00000000fd800000, 0x00000000fd900000|  0%| F|  |TAMS 0x00000000fd800000, 0x00000000fd800000| Untracked 
|  25|0x00000000fd900000, 0x00000000fd900000, 0x00000000fda00000|  0%| F|  |TAMS 0x00000000fd900000, 0x00000000fd900000| Untracked 
|  26|0x00000000fda00000, 0x00000000fda00000, 0x00000000fdb00000|  0%| F|  |TAMS 0x00000000fda00000, 0x00000000fda00000| Untracked 
|  27|0x00000000fdb00000, 0x00000000fdb00000, 0x00000000fdc00000|  0%| F|  |TAMS 0x00000000fdb00000, 0x00000000fdb00000| Untracked 
|  28|0x00000000fdc00000, 0x00000000fdc00000, 0x00000000fdd00000|  0%| F|  |TAMS 0x00000000fdc00000, 0x00000000fdc00000| Untracked 
|  29|0x00000000fdd00000, 0x00000000fdd00000, 0x00000000fde00000|  0%| F|  |TAMS 0x00000000fdd00000, 0x00000000fdd00000| Untracked 
|  30|0x00000000fde00000, 0x00000000fde00000, 0x00000000fdf00000|  0%| F|  |TAMS 0x00000000fde00000, 0x00000000fde00000| Untracked 
|  31|0x00000000fdf00000, 0x00000000fdf00000, 0x00000000fe000000|  0%| F|  |TAMS 0x00000000fdf00000, 0x00000000fdf00000| Untracked 
|  32|0x00000000fe000000, 0x00000000fe000000, 0x00000000fe100000|  0%| F|  |TAMS 0x00000000fe000000, 0x00000000fe000000| Untracked 
|  33|0x00000000fe100000, 0x00000000fe100000, 0x00000000fe200000|  0%| F|  |TAMS 0x00000000fe100000, 0x00000000fe100000| Untracked 
|  34|0x00000000fe200000, 0x00000000fe200000, 0x00000000fe300000|  0%| F|  |TAMS 0x00000000fe200000, 0x00000000fe200000| Untracked 
|  35|0x00000000fe300000, 0x00000000fe300000, 0x00000000fe400000|  0%| F|  |TAMS 0x00000000fe300000, 0x00000000fe300000| Untracked 
|  36|0x00000000fe400000, 0x00000000fe400000, 0x00000000fe500000|  0%| F|  |TAMS 0x00000000fe400000, 0x00000000fe400000| Untracked 
|  37|0x00000000fe500000, 0x00000000fe600000, 0x00000000fe600000|100%| E|  |TAMS 0x00000000fe500000, 0x00000000fe500000| Complete 
|  38|0x00000000fe600000, 0x00000000fe700000, 0x00000000fe700000|100%| E|CS|TAMS 0x00000000fe600000, 0x00000000fe600000| Complete 
|  39|0x00000000fe700000, 0x00000000fe800000, 0x00000000fe800000|100%| E|CS|TAMS 0x00000000fe700000, 0x00000000fe700000| Complete 
|  40|0x00000000fe800000, 0x00000000fe900000, 0x00000000fe900000|100%| E|CS|TAMS 0x00000000fe800000, 0x00000000fe800000| Complete 
|  41|0x00000000fe900000, 0x00000000fea00000, 0x00000000fea00000|100%| E|CS|TAMS 0x00000000fe900000, 0x00000000fe900000| Complete 
|  42|0x00000000fea00000, 0x00000000feb00000, 0x00000000feb00000|100%| S|CS|TAMS 0x00000000fea00000, 0x00000000fea00000| Complete 
|  43|0x00000000feb00000, 0x00000000fec00000, 0x00000000fec00000|100%| S|CS|TAMS 0x00000000feb00000, 0x00000000feb00000| Complete 
|  44|0x00000000fec00000, 0x00000000fed00000, 0x00000000fed00000|100%| S|CS|TAMS 0x00000000fec00000, 0x00000000fec00000| Complete 
|  45|0x00000000fed00000, 0x00000000fee00000, 0x00000000fee00000|100%| E|CS|TAMS 0x00000000fed00000, 0x00000000fed00000| Complete 
|  46|0x00000000fee00000, 0x00000000fef00000, 0x00000000fef00000|100%| E|CS|TAMS 0x00000000fee00000, 0x00000000fee00000| Complete 
|  47|0x00000000fef00000, 0x00000000ff000000, 0x00000000ff000000|100%| E|CS|TAMS 0x00000000fef00000, 0x00000000fef00000| Complete 
|  48|0x00000000ff000000, 0x00000000ff100000, 0x00000000ff100000|100%| E|CS|TAMS 0x00000000ff000000, 0x00000000ff000000| Complete 
|  49|0x00000000ff100000, 0x00000000ff200000, 0x00000000ff200000|100%| E|CS|TAMS 0x00000000ff100000, 0x00000000ff100000| Complete 
|  50|0x00000000ff200000, 0x00000000ff300000, 0x00000000ff300000|100%| E|CS|TAMS 0x00000000ff200000, 0x00000000ff200000| Complete 
|  51|0x00000000ff300000, 0x00000000ff400000, 0x00000000ff400000|100%| E|CS|TAMS 0x00000000ff300000, 0x00000000ff300000| Complete 
|  52|0x00000000ff400000, 0x00000000ff500000, 0x00000000ff500000|100%| E|CS|TAMS 0x00000000ff400000, 0x00000000ff400000| Complete 
|  53|0x00000000ff500000, 0x00000000ff600000, 0x00000000ff600000|100%| E|CS|TAMS 0x00000000ff500000, 0x00000000ff500000| Complete 
|  54|0x00000000ff600000, 0x00000000ff700000, 0x00000000ff700000|100%| E|CS|TAMS 0x00000000ff600000, 0x00000000ff600000| Complete 
|  55|0x00000000ff700000, 0x00000000ff800000, 0x00000000ff800000|100%| E|CS|TAMS 0x00000000ff700000, 0x00000000ff700000| Complete 
|  56|0x00000000ff800000, 0x00000000ff900000, 0x00000000ff900000|100%| E|CS|TAMS 0x00000000ff800000, 0x00000000ff800000| Complete 
|  57|0x00000000ff900000, 0x00000000ffa00000, 0x00000000ffa00000|100%| E|CS|TAMS 0x00000000ff900000, 0x00000000ff900000| Complete 
|  58|0x00000000ffa00000, 0x00000000ffb00000, 0x00000000ffb00000|100%| E|CS|TAMS 0x00000000ffa00000, 0x00000000ffa00000| Complete 
|  59|0x00000000ffb00000, 0x00000000ffc00000, 0x00000000ffc00000|100%| E|CS|TAMS 0x00000000ffb00000, 0x00000000ffb00000| Complete 
|  60|0x00000000ffc00000, 0x00000000ffd00000, 0x00000000ffd00000|100%| E|CS|TAMS 0x00000000ffc00000, 0x00000000ffc00000| Complete 
|  61|0x00000000ffd00000, 0x00000000ffe00000, 0x00000000ffe00000|100%| E|CS|TAMS 0x00000000ffd00000, 0x00000000ffd00000| Complete 
|  62|0x00000000ffe00000, 0x00000000fff00000, 0x00000000fff00000|100%| E|CS|TAMS 0x00000000ffe00000, 0x00000000ffe00000| Complete 
|  63|0x00000000fff00000, 0x0000000100000000, 0x0000000100000000|100%| E|CS|TAMS 0x00000000fff00000, 0x00000000fff00000| Complete 

Card table byte_map: [0x000001c1cab80000,0x000001c1caba0000] _byte_map_base: 0x000001c1ca3a0000

Marking Bits (Prev, Next): (CMBitMap*) 0x000001c1b24b3de0, (CMBitMap*) 0x000001c1b24b3e20
 Prev Bits: [0x000001c1cabc0000, 0x000001c1cacc0000)
 Next Bits: [0x000001c1cacc0000, 0x000001c1cadc0000)

Polling page: 0x000001c1b2570000

Metaspace:

Usage:
  Non-class:      8.62 MB used.
      Class:      1.31 MB used.
       Both:      9.92 MB used.

Virtual space:
  Non-class space:       64.00 MB reserved,       8.75 MB ( 14%) committed,  1 nodes.
      Class space:        1.00 GB reserved,       1.38 MB ( <1%) committed,  1 nodes.
             Both:        1.06 GB reserved,      10.12 MB ( <1%) committed. 

Chunk freelists:
   Non-Class:  6.39 MB
       Class:  14.57 MB
        Both:  20.96 MB

MaxMetaspaceSize: unlimited
CompressedClassSpaceSize: 1.00 GB
Initial GC threshold: 21.00 MB
Current GC threshold: 21.00 MB
CDS: on
MetaspaceReclaimPolicy: balanced
 - commit_granule_bytes: 65536.
 - commit_granule_words: 8192.
 - virtual_space_node_default_size: 8388608.
 - enlarge_chunks_in_place: 1.
 - new_chunks_are_fully_committed: 0.
 - uncommit_free_chunks: 1.
 - use_allocation_guard: 0.
 - handle_deallocations: 1.


Internal statistics:

num_allocs_failed_limit: 0.
num_arena_births: 102.
num_arena_deaths: 0.
num_vsnodes_births: 2.
num_vsnodes_deaths: 0.
num_space_committed: 162.
num_space_uncommitted: 0.
num_chunks_returned_to_freelist: 0.
num_chunks_taken_from_freelist: 370.
num_chunk_merges: 0.
num_chunk_splits: 252.
num_chunks_enlarged: 205.
num_inconsistent_stats: 0.

CodeHeap 'non-profiled nmethods': size=120000Kb used=824Kb max_used=824Kb free=119175Kb
 bounds [0x000001c1c3000000, 0x000001c1c3270000, 0x000001c1ca530000]
CodeHeap 'profiled nmethods': size=120000Kb used=3578Kb max_used=3578Kb free=116422Kb
 bounds [0x000001c1bb530000, 0x000001c1bb8b0000, 0x000001c1c2a60000]
CodeHeap 'non-nmethods': size=5760Kb used=1178Kb max_used=1216Kb free=4581Kb
 bounds [0x000001c1c2a60000, 0x000001c1c2cd0000, 0x000001c1c3000000]
 total_blobs=2345 nmethods=1869 adapters=389
 compilation: enabled
              stopped_count=0, restarted_count=0
 full_count=0

Compilation events (20 events):
Event: 383.596 Thread 0x000001c1cd330220 nmethod 1850 0x000001c1c30cc410 code [0x000001c1c30cc5a0, 0x000001c1c30cc6b8]
Event: 428.922 Thread 0x000001c1cd33acf0 1851       1       java.util.LinkedList::size (5 bytes)
Event: 428.922 Thread 0x000001c1cd33acf0 nmethod 1851 0x000001c1c30cc790 code [0x000001c1c30cc920, 0x000001c1c30cc9f8]
Event: 428.926 Thread 0x000001c1cd33acf0 1852       3       java.lang.invoke.DirectMethodHandle::<init> (148 bytes)
Event: 428.928 Thread 0x000001c1cd33acf0 nmethod 1852 0x000001c1bb89e610 code [0x000001c1bb89e8c0, 0x000001c1bb89f808]
Event: 428.931 Thread 0x000001c1cd33acf0 1854       3       org.gradle.internal.logging.text.AbstractLineChoppingStyledTextOutput$1::execute (9 bytes)
Event: 428.931 Thread 0x000001c1cd330220 1855       4       org.gradle.internal.logging.text.AbstractLineChoppingStyledTextOutput$SeenFromEol::all (18 bytes)
Event: 428.932 Thread 0x000001c1cd33acf0 nmethod 1854 0x000001c1bb89fd10 code [0x000001c1bb89fec0, 0x000001c1bb8a00e8]
Event: 428.932 Thread 0x000001c1cd33acf0 1857       3       org.gradle.internal.logging.text.AbstractLineChoppingStyledTextOutput$1::execute (140 bytes)
Event: 428.932 Thread 0x000001c1cd330220 nmethod 1855 0x000001c1c30ccd90 code [0x000001c1c30ccf00, 0x000001c1c30ccfb8]
Event: 428.932 Thread 0x000001c1cd330220 1858       4       org.gradle.internal.logging.text.AbstractLineChoppingStyledTextOutput$StateContext::hasChar (25 bytes)
Event: 428.933 Thread 0x000001c1cd330220 nmethod 1858 0x000001c1c30cd090 code [0x000001c1c30cd200, 0x000001c1c30cd2b8]
Event: 428.933 Thread 0x000001c1cd330220 1856       4       org.gradle.internal.logging.text.AbstractLineChoppingStyledTextOutput::access$800 (4 bytes)
Event: 428.933 Thread 0x000001c1cd33acf0 nmethod 1857 0x000001c1bb8a0190 code [0x000001c1bb8a04e0, 0x000001c1bb8a17d8]
Event: 428.933 Thread 0x000001c1cd33acf0 1859       3       org.gradle.internal.logging.text.AbstractLineChoppingStyledTextOutput::doAppend (43 bytes)
Event: 428.933 Thread 0x000001c1cd330220 nmethod 1856 0x000001c1c30cd390 code [0x000001c1c30cd500, 0x000001c1c30cd558]
Event: 428.933 Thread 0x000001c1cd330220 1860       4       org.gradle.internal.logging.text.AbstractLineChoppingStyledTextOutput$SeenFromEol::none (13 bytes)
Event: 428.934 Thread 0x000001c1cd33acf0 nmethod 1859 0x000001c1bb8a2010 code [0x000001c1bb8a2200, 0x000001c1bb8a26c8]
Event: 428.934 Thread 0x000001c1cd330220 nmethod 1860 0x000001c1c30cd690 code [0x000001c1c30cd800, 0x000001c1c30cd898]
Event: 429.129 Thread 0x000001c1cd330220 1861       4       org.gradle.internal.logging.text.AbstractLineChoppingStyledTextOutput$1::execute (9 bytes)

GC Heap History (4 events):
Event: 0.884 GC heap before
{Heap before GC invocations=0 (full 0):
 garbage-first heap   total 65536K, used 12288K [0x00000000fc000000, 0x0000000100000000)
  region size 1024K, 13 young (13312K), 0 survivors (0K)
 Metaspace       used 1657K, committed 1792K, reserved 1114112K
  class space    used 154K, committed 192K, reserved 1048576K
}
Event: 0.889 GC heap after
{Heap after GC invocations=1 (full 0):
 garbage-first heap   total 65536K, used 1920K [0x00000000fc000000, 0x0000000100000000)
  region size 1024K, 2 young (2048K), 2 survivors (2048K)
 Metaspace       used 1657K, committed 1792K, reserved 1114112K
  class space    used 154K, committed 192K, reserved 1048576K
}
Event: 1.733 GC heap before
{Heap before GC invocations=1 (full 0):
 garbage-first heap   total 65536K, used 22400K [0x00000000fc000000, 0x0000000100000000)
  region size 1024K, 19 young (19456K), 2 survivors (2048K)
 Metaspace       used 4485K, committed 4672K, reserved 1114112K
  class space    used 587K, committed 704K, reserved 1048576K
}
Event: 1.740 GC heap after
{Heap after GC invocations=2 (full 0):
 garbage-first heap   total 65536K, used 11282K [0x00000000fc000000, 0x0000000100000000)
  region size 1024K, 3 young (3072K), 3 survivors (3072K)
 Metaspace       used 4485K, committed 4672K, reserved 1114112K
  class space    used 587K, committed 704K, reserved 1048576K
}

Deoptimization events (20 events):
Event: 428.929 Thread 0x000001c1b2495fe0 Uncommon trap: trap_request=0xffffff45 fr.pc=0x000001c1c30c69dc relative=0x000000000000015c
Event: 428.929 Thread 0x000001c1b2495fe0 Uncommon trap: reason=unstable_if action=reinterpret pc=0x000001c1c30c69dc method=java.util.concurrent.locks.ReentrantLock$NonfairSync.initialTryLock()Z @ 10 c2
Event: 428.929 Thread 0x000001c1b2495fe0 DEOPT PACKING pc=0x000001c1c30c69dc sp=0x0000005f153fc690
Event: 428.929 Thread 0x000001c1b2495fe0 DEOPT UNPACKING pc=0x000001c1c2ab23a3 sp=0x0000005f153fc638 mode 2
Event: 428.929 Thread 0x000001c1b2495fe0 Uncommon trap: trap_request=0xffffff45 fr.pc=0x000001c1c30bd94c relative=0x00000000000000cc
Event: 428.929 Thread 0x000001c1b2495fe0 Uncommon trap: reason=unstable_if action=reinterpret pc=0x000001c1c30bd94c method=java.util.concurrent.locks.ReentrantLock$Sync.tryRelease(I)Z @ 26 c2
Event: 428.929 Thread 0x000001c1b2495fe0 DEOPT PACKING pc=0x000001c1c30bd94c sp=0x0000005f153fc690
Event: 428.929 Thread 0x000001c1b2495fe0 DEOPT UNPACKING pc=0x000001c1c2ab23a3 sp=0x0000005f153fc630 mode 2
Event: 428.931 Thread 0x000001c1cd6b95c0 Uncommon trap: trap_request=0xffffff45 fr.pc=0x000001c1c30ba5c0 relative=0x0000000000002600
Event: 428.931 Thread 0x000001c1cd6b95c0 Uncommon trap: reason=unstable_if action=reinterpret pc=0x000001c1c30ba5c0 method=org.gradle.internal.logging.text.AbstractLineChoppingStyledTextOutput$2.execute(Lorg/gradle/internal/logging/text/AbstractLineChoppingStyledTextOutput$StateContext;)V @ 34 c
Event: 428.931 Thread 0x000001c1cd6b95c0 DEOPT PACKING pc=0x000001c1c30ba5c0 sp=0x0000005f169fe8d0
Event: 428.931 Thread 0x000001c1cd6b95c0 DEOPT UNPACKING pc=0x000001c1c2ab23a3 sp=0x0000005f169fe768 mode 2
Event: 428.931 Thread 0x000001c1cd6b95c0 Uncommon trap: trap_request=0xffffff45 fr.pc=0x000001c1c30af650 relative=0x0000000000000550
Event: 428.931 Thread 0x000001c1cd6b95c0 Uncommon trap: reason=unstable_if action=reinterpret pc=0x000001c1c30af650 method=org.gradle.internal.logging.text.AbstractLineChoppingStyledTextOutput$2.execute(Lorg/gradle/internal/logging/text/AbstractLineChoppingStyledTextOutput$StateContext;)V @ 34 c
Event: 428.931 Thread 0x000001c1cd6b95c0 DEOPT PACKING pc=0x000001c1c30af650 sp=0x0000005f169fe8c0
Event: 428.931 Thread 0x000001c1cd6b95c0 DEOPT UNPACKING pc=0x000001c1c2ab23a3 sp=0x0000005f169fe758 mode 2
Event: 428.931 Thread 0x000001c1cd6b95c0 Uncommon trap: trap_request=0xffffff45 fr.pc=0x000001c1c30b04c8 relative=0x0000000000000568
Event: 428.931 Thread 0x000001c1cd6b95c0 Uncommon trap: reason=unstable_if action=reinterpret pc=0x000001c1c30b04c8 method=org.gradle.internal.logging.text.AbstractLineChoppingStyledTextOutput$2.execute(Lorg/gradle/internal/logging/text/AbstractLineChoppingStyledTextOutput$StateContext;)V @ 34 c
Event: 428.931 Thread 0x000001c1cd6b95c0 DEOPT PACKING pc=0x000001c1c30b04c8 sp=0x0000005f169fe850
Event: 428.931 Thread 0x000001c1cd6b95c0 DEOPT UNPACKING pc=0x000001c1c2ab23a3 sp=0x0000005f169fe750 mode 2

Classes unloaded (0 events):
No events

Classes redefined (0 events):
No events

Internal exceptions (20 events):
Event: 1.631 Thread 0x000001c1b2495fe0 Exception <a 'java/lang/NoSuchMethodError'{0x00000000fefe28c0}: 'int java.lang.invoke.DirectMethodHandle$Holder.invokeSpecial(java.lang.Object, java.lang.Object, java.lang.Object)'> (0x00000000fefe28c0) 
thrown [s\open\src\hotspot\share\interpreter\linkResolver.cpp, line 759]
Event: 1.637 Thread 0x000001c1b2495fe0 Exception <a 'java/lang/NoSuchMethodError'{0x00000000feff5a08}: 'java.lang.Object java.lang.invoke.Invokers$Holder.invokeExact_MT(java.lang.Object, java.lang.Object, java.lang.Object, java.lang.Object)'> (0x00000000feff5a08) 
thrown [s\open\src\hotspot\share\interpreter\linkResolver.cpp, line 759]
Event: 1.919 Thread 0x000001c1b2495fe0 Exception <a 'java/lang/NoSuchMethodError'{0x00000000ffce2088}: 'void java.lang.invoke.DirectMethodHandle$Holder.invokeSpecial(java.lang.Object, java.lang.Object, java.lang.Object)'> (0x00000000ffce2088) 
thrown [s\open\src\hotspot\share\interpreter\linkResolver.cpp, line 759]
Event: 1.938 Thread 0x000001c1b2495fe0 Implicit null exception at 0x000001c1c305d72c to 0x000001c1c305dba0
Event: 1.938 Thread 0x000001c1b2495fe0 Implicit null exception at 0x000001c1c3045d2c to 0x000001c1c3046174
Event: 1.988 Thread 0x000001c1b2495fe0 Exception <a 'java/lang/NoSuchMethodError'{0x00000000ffa5d088}: 'java.lang.Object java.lang.invoke.DirectMethodHandle$Holder.invokeStaticInit(java.lang.Object)'> (0x00000000ffa5d088) 
thrown [s\open\src\hotspot\share\interpreter\linkResolver.cpp, line 759]
Event: 2.037 Thread 0x000001c1b2495fe0 Exception <a 'java/lang/NoSuchMethodError'{0x00000000ffaf24d0}: 'int java.lang.invoke.DirectMethodHandle$Holder.invokeVirtual(java.lang.Object, java.lang.Object, java.lang.Object)'> (0x00000000ffaf24d0) 
thrown [s\open\src\hotspot\share\interpreter\linkResolver.cpp, line 759]
Event: 2.064 Thread 0x000001c1b2495fe0 Exception <a 'java/lang/NoSuchMethodError'{0x00000000ff96efc8}: 'java.lang.Object java.lang.invoke.DirectMethodHandle$Holder.invokeStaticInit(java.lang.Object, int, int, int, int)'> (0x00000000ff96efc8) 
thrown [s\open\src\hotspot\share\interpreter\linkResolver.cpp, line 759]
Event: 2.213 Thread 0x000001c1b2495fe0 Exception <a 'java/lang/NoSuchMethodError'{0x00000000ff99e0c8}: 'java.lang.Object java.lang.invoke.DirectMethodHandle$Holder.invokeStaticInit(java.lang.Object, java.lang.Object, int, int, int, int)'> (0x00000000ff99e0c8) 
thrown [s\open\src\hotspot\share\interpreter\linkResolver.cpp, line 759]
Event: 2.221 Thread 0x000001c1b2495fe0 Exception <a 'java/lang/NoSuchMethodError'{0x00000000ff9bcf68}: 'int java.lang.invoke.DirectMethodHandle$Holder.invokeStatic(java.lang.Object)'> (0x00000000ff9bcf68) 
thrown [s\open\src\hotspot\share\interpreter\linkResolver.cpp, line 759]
Event: 2.223 Thread 0x000001c1b2495fe0 Exception <a 'java/lang/NoSuchMethodError'{0x00000000ff9c06c0}: 'int java.lang.invoke.DirectMethodHandle$Holder.invokeStaticInit(java.lang.Object)'> (0x00000000ff9c06c0) 
thrown [s\open\src\hotspot\share\interpreter\linkResolver.cpp, line 759]
Event: 2.649 Thread 0x000001c213ba8980 Exception <a 'java/lang/NoSuchMethodError'{0x00000000fef8eca0}: 'void java.lang.invoke.DirectMethodHandle$Holder.invokeStatic(java.lang.Object, long)'> (0x00000000fef8eca0) 
thrown [s\open\src\hotspot\share\interpreter\linkResolver.cpp, line 759]
Event: 2.651 Thread 0x000001c213ba8980 Exception <a 'java/lang/NoSuchMethodError'{0x00000000fef945f8}: 'java.lang.Object java.lang.invoke.DirectMethodHandle$Holder.newInvokeSpecial(java.lang.Object, long)'> (0x00000000fef945f8) 
thrown [s\open\src\hotspot\share\interpreter\linkResolver.cpp, line 759]
Event: 2.654 Thread 0x000001c213ba8980 Exception <a 'java/lang/NoSuchMethodError'{0x00000000fef9f1a0}: 'java.lang.Object java.lang.invoke.DirectMethodHandle$Holder.invokeStaticInit(java.lang.Object, java.lang.Object, long, java.lang.Object)'> (0x00000000fef9f1a0) 
thrown [s\open\src\hotspot\share\interpreter\linkResolver.cpp, line 759]
Event: 2.655 Thread 0x000001c213ba8980 Exception <a 'java/lang/NoSuchMethodError'{0x00000000fefa5828}: 'java.lang.Object java.lang.invoke.DirectMethodHandle$Holder.newInvokeSpecial(java.lang.Object, java.lang.Object, long)'> (0x00000000fefa5828) 
thrown [s\open\src\hotspot\share\interpreter\linkResolver.cpp, line 759]
Event: 2.657 Thread 0x000001c213ba8980 Exception <a 'java/lang/NoSuchMethodError'{0x00000000fefa9b18}: 'java.lang.Object java.lang.invoke.Invokers$Holder.linkToTargetMethod(java.lang.Object, long, java.lang.Object)'> (0x00000000fefa9b18) 
thrown [s\open\src\hotspot\share\interpreter\linkResolver.cpp, line 759]
Event: 7.613 Thread 0x000001c1b2495fe0 Exception <a 'java/lang/NoSuchMethodError'{0x00000000fef551b8}: 'void java.lang.invoke.DirectMethodHandle$Holder.invokeStatic(java.lang.Object, java.lang.Object, java.lang.Object)'> (0x00000000fef551b8) 
thrown [s\open\src\hotspot\share\interpreter\linkResolver.cpp, line 759]
Event: 428.916 Thread 0x000001c1b2495fe0 Exception <a 'sun/net/ConnectionResetException'{0x00000000fe6c4c80}: Connection reset> (0x00000000fe6c4c80) 
thrown [s\open\src\hotspot\share\prims\jni.cpp, line 535]
Event: 428.926 Thread 0x000001c1b2495fe0 Exception <a 'java/lang/NoSuchMethodError'{0x00000000fe553668}: 'int java.lang.invoke.DirectMethodHandle$Holder.invokeVirtual(java.lang.Object, java.lang.Object)'> (0x00000000fe553668) 
thrown [s\open\src\hotspot\share\interpreter\linkResolver.cpp, line 759]
Event: 428.930 Thread 0x000001c1cd39f1a0 Exception <a 'java/io/IOException'{0x00000000fe8028d0}: Connection reset by peer> (0x00000000fe8028d0) 
thrown [s\open\src\hotspot\share\prims\jni.cpp, line 535]

VM Operations (20 events):
Event: 133.396 Executing VM operation: Cleanup
Event: 133.396 Executing VM operation: Cleanup done
Event: 134.399 Executing VM operation: Cleanup
Event: 134.399 Executing VM operation: Cleanup done
Event: 135.405 Executing VM operation: Cleanup
Event: 135.405 Executing VM operation: Cleanup done
Event: 143.460 Executing VM operation: Cleanup
Event: 143.460 Executing VM operation: Cleanup done
Event: 161.606 Executing VM operation: Cleanup
Event: 161.606 Executing VM operation: Cleanup done
Event: 171.698 Executing VM operation: Cleanup
Event: 171.698 Executing VM operation: Cleanup done
Event: 175.722 Executing VM operation: Cleanup
Event: 175.722 Executing VM operation: Cleanup done
Event: 180.309 Executing VM operation: HandshakeAllThreads
Event: 180.309 Executing VM operation: HandshakeAllThreads done
Event: 272.134 Executing VM operation: Cleanup
Event: 272.134 Executing VM operation: Cleanup done
Event: 301.382 Executing VM operation: Cleanup
Event: 301.382 Executing VM operation: Cleanup done

Events (20 events):
Event: 35.009 loading class jdk/internal/reflect/ByteVectorImpl done
Event: 35.009 loading class jdk/internal/reflect/ClassFileAssembler
Event: 35.009 loading class jdk/internal/reflect/ClassFileAssembler done
Event: 35.010 loading class jdk/internal/reflect/UTF8
Event: 35.010 loading class jdk/internal/reflect/UTF8 done
Event: 35.010 loading class jdk/internal/reflect/Label
Event: 35.011 loading class jdk/internal/reflect/Label done
Event: 35.011 loading class jdk/internal/reflect/Label$PatchInfo
Event: 35.011 loading class jdk/internal/reflect/Label$PatchInfo done
Event: 35.011 loading class jdk/internal/reflect/MethodAccessorGenerator$1
Event: 35.011 loading class jdk/internal/reflect/MethodAccessorGenerator$1 done
Event: 35.011 loading class jdk/internal/reflect/ClassDefiner
Event: 35.011 loading class jdk/internal/reflect/ClassDefiner done
Event: 35.011 loading class jdk/internal/reflect/ClassDefiner$1
Event: 35.011 loading class jdk/internal/reflect/ClassDefiner$1 done
Event: 428.915 loading class sun/net/ConnectionResetException
Event: 428.916 loading class sun/net/ConnectionResetException done
Event: 428.930 Thread 0x000001c1cd39f1a0 Thread exited: 0x000001c1cd39f1a0
Event: 428.931 loading class java/util/concurrent/ConcurrentLinkedQueue$Itr
Event: 428.931 loading class java/util/concurrent/ConcurrentLinkedQueue$Itr done


Dynamic libraries:
0x00007ff6ad2c0000 - 0x00007ff6ad2d0000 	C:\Program Files\Java\jdk-17\bin\java.exe
0x00007fffd5a40000 - 0x00007fffd5c49000 	C:\WINDOWS\SYSTEM32\ntdll.dll
0x00007fffd5350000 - 0x00007fffd540d000 	C:\WINDOWS\System32\KERNEL32.DLL
0x00007fffd3440000 - 0x00007fffd37c4000 	C:\WINDOWS\System32\KERNELBASE.dll
0x00007fffd32f0000 - 0x00007fffd3401000 	C:\WINDOWS\System32\ucrtbase.dll
0x00007fffb8800000 - 0x00007fffb8819000 	C:\Program Files\Java\jdk-17\bin\jli.dll
0x00007fffb87e0000 - 0x00007fffb87fb000 	C:\Program Files\Java\jdk-17\bin\VCRUNTIME140.dll
0x00007fffd5050000 - 0x00007fffd50fe000 	C:\WINDOWS\System32\ADVAPI32.dll
0x00007fffd4fa0000 - 0x00007fffd5043000 	C:\WINDOWS\System32\msvcrt.dll
0x00007fffd47d0000 - 0x00007fffd486e000 	C:\WINDOWS\System32\sechost.dll
0x00007fffd5410000 - 0x00007fffd5531000 	C:\WINDOWS\System32\RPCRT4.dll
0x00007fffd41c0000 - 0x00007fffd436d000 	C:\WINDOWS\System32\USER32.dll
0x00007fffd3410000 - 0x00007fffd3436000 	C:\WINDOWS\System32\win32u.dll
0x00007fffc16f0000 - 0x00007fffc1995000 	C:\WINDOWS\WinSxS\amd64_microsoft.windows.common-controls_6595b64144ccf1df_6.0.22000.120_none_9d947278b86cc467\COMCTL32.dll
0x00007fffd5930000 - 0x00007fffd595a000 	C:\WINDOWS\System32\GDI32.dll
0x00007fffd2ed0000 - 0x00007fffd2fee000 	C:\WINDOWS\System32\gdi32full.dll
0x00007fffd3250000 - 0x00007fffd32ed000 	C:\WINDOWS\System32\msvcp_win.dll
0x00007fffc3f20000 - 0x00007fffc3f2a000 	C:\WINDOWS\SYSTEM32\VERSION.dll
0x00007fffd3890000 - 0x00007fffd38c1000 	C:\WINDOWS\System32\IMM32.DLL
0x00007fffce8d0000 - 0x00007fffce8dc000 	C:\Program Files\Java\jdk-17\bin\vcruntime140_1.dll
0x00007fffa40f0000 - 0x00007fffa417e000 	C:\Program Files\Java\jdk-17\bin\msvcp140.dll
0x00007fff81f90000 - 0x00007fff82b70000 	C:\Program Files\Java\jdk-17\bin\server\jvm.dll
0x00007fffd58a0000 - 0x00007fffd58a8000 	C:\WINDOWS\System32\PSAPI.DLL
0x00007fffc0c90000 - 0x00007fffc0c99000 	C:\WINDOWS\SYSTEM32\WSOCK32.dll
0x00007fffd5990000 - 0x00007fffd59ff000 	C:\WINDOWS\System32\WS2_32.dll
0x00007fffcb9b0000 - 0x00007fffcb9e3000 	C:\WINDOWS\SYSTEM32\WINMM.dll
0x00007fffd1f40000 - 0x00007fffd1f58000 	C:\WINDOWS\SYSTEM32\kernel.appcore.dll
0x00007fffc4160000 - 0x00007fffc416a000 	C:\Program Files\Java\jdk-17\bin\jimage.dll
0x00007fffd0960000 - 0x00007fffd0b81000 	C:\WINDOWS\SYSTEM32\DBGHELP.DLL
0x00007fffbaa10000 - 0x00007fffbaa41000 	C:\WINDOWS\SYSTEM32\dbgcore.DLL
0x00007fffd31d0000 - 0x00007fffd324f000 	C:\WINDOWS\System32\bcryptPrimitives.dll
0x00007fffb35d0000 - 0x00007fffb35f5000 	C:\Program Files\Java\jdk-17\bin\java.dll
0x00007fff8ec60000 - 0x00007fff8ed37000 	C:\Program Files\Java\jdk-17\bin\jsvml.dll
0x00007fffd38d0000 - 0x00007fffd4095000 	C:\WINDOWS\System32\SHELL32.dll
0x00007fffd0fa0000 - 0x00007fffd1802000 	C:\WINDOWS\SYSTEM32\windows.storage.dll
0x00007fffd4450000 - 0x00007fffd47c6000 	C:\WINDOWS\System32\combase.dll
0x00007fffd0e30000 - 0x00007fffd0f97000 	C:\WINDOWS\SYSTEM32\wintypes.dll
0x00007fffd4dd0000 - 0x00007fffd4eba000 	C:\WINDOWS\System32\SHCORE.dll
0x00007fffd55b0000 - 0x00007fffd560d000 	C:\WINDOWS\System32\shlwapi.dll
0x00007fffd2e00000 - 0x00007fffd2e25000 	C:\WINDOWS\SYSTEM32\profapi.dll
0x00007fffb34a0000 - 0x00007fffb34b9000 	C:\Program Files\Java\jdk-17\bin\net.dll
0x00007fffcc460000 - 0x00007fffcc574000 	C:\WINDOWS\SYSTEM32\WINHTTP.dll
0x00007fffd23f0000 - 0x00007fffd2457000 	C:\WINDOWS\system32\mswsock.dll
0x00007fffb3480000 - 0x00007fffb3496000 	C:\Program Files\Java\jdk-17\bin\nio.dll
0x00007fffb3100000 - 0x00007fffb3118000 	C:\Program Files\Java\jdk-17\bin\zip.dll
0x00007fffc3280000 - 0x00007fffc3290000 	C:\Program Files\Java\jdk-17\bin\verify.dll
0x00007fffcacf0000 - 0x00007fffcad17000 	C:\Users\makin\.gradle\native\c067742578af261105cb4f569cf0c3c89f3d7b1fecec35dd04571415982c5e48\windows-amd64\native-platform.dll
0x00007fffc24e0000 - 0x00007fffc24ea000 	C:\Program Files\Java\jdk-17\bin\management.dll
0x00007fffc2490000 - 0x00007fffc249b000 	C:\Program Files\Java\jdk-17\bin\management_ext.dll
0x00007fffd2630000 - 0x00007fffd2648000 	C:\WINDOWS\SYSTEM32\CRYPTSP.dll
0x00007fffd1ea0000 - 0x00007fffd1ed5000 	C:\WINDOWS\system32\rsaenh.dll
0x00007fffd24e0000 - 0x00007fffd250c000 	C:\WINDOWS\SYSTEM32\USERENV.dll
0x00007fffd2810000 - 0x00007fffd2837000 	C:\WINDOWS\SYSTEM32\bcrypt.dll
0x00007fffd2b40000 - 0x00007fffd2b4c000 	C:\WINDOWS\SYSTEM32\CRYPTBASE.dll
0x00007fffd1a60000 - 0x00007fffd1a8d000 	C:\WINDOWS\SYSTEM32\IPHLPAPI.DLL
0x00007fffd5960000 - 0x00007fffd5969000 	C:\WINDOWS\System32\NSI.dll
0x00007fffcc580000 - 0x00007fffcc599000 	C:\WINDOWS\SYSTEM32\dhcpcsvc6.DLL
0x00007fffccca0000 - 0x00007fffcccbe000 	C:\WINDOWS\SYSTEM32\dhcpcsvc.DLL
0x00007fffd1a90000 - 0x00007fffd1b77000 	C:\WINDOWS\SYSTEM32\DNSAPI.dll
0x00007fffc23e0000 - 0x00007fffc23ee000 	C:\Program Files\Java\jdk-17\bin\sunmscapi.dll
0x00007fffd2ff0000 - 0x00007fffd3152000 	C:\WINDOWS\System32\CRYPT32.dll
0x00007fffd2770000 - 0x00007fffd2798000 	C:\WINDOWS\SYSTEM32\ncrypt.dll
0x00007fffd2730000 - 0x00007fffd2767000 	C:\WINDOWS\SYSTEM32\NTASN1.dll
0x00007fff63bc0000 - 0x00007fff63bc8000 	C:\WINDOWS\system32\wshunix.dll

dbghelp: loaded successfully - version: 4.0.5 - missing functions: none
symbol engine: initialized successfully - sym options: 0x614 - pdb path: .;C:\Program Files\Java\jdk-17\bin;C:\WINDOWS\SYSTEM32;C:\WINDOWS\WinSxS\amd64_microsoft.windows.common-controls_6595b64144ccf1df_6.0.22000.120_none_9d947278b86cc467;C:\Program Files\Java\jdk-17\bin\server;C:\Users\makin\.gradle\native\c067742578af261105cb4f569cf0c3c89f3d7b1fecec35dd04571415982c5e48\windows-amd64

VM Arguments:
jvm_args: -Xmx64m -Xms64m -Dorg.gradle.appname=gradlew 
java_command: D:\Faris\App\frontend\android\\gradle\wrapper\gradle-wrapper.jar assembleRelease --no-daemon
java_class_path (initial): D:\Faris\App\frontend\android\\gradle\wrapper\gradle-wrapper.jar
Launcher Type: SUN_STANDARD

[Global flags]
     intx CICompilerCount                          = 3                                         {product} {ergonomic}
     uint ConcGCThreads                            = 1                                         {product} {ergonomic}
     uint G1ConcRefinementThreads                  = 4                                         {product} {ergonomic}
   size_t G1HeapRegionSize                         = 1048576                                   {product} {ergonomic}
    uintx GCDrainStackTargetSize                   = 64                                        {product} {ergonomic}
   size_t InitialHeapSize                          = 67108864                                  {product} {command line}
   size_t MarkStackSize                            = 4194304                                   {product} {ergonomic}
   size_t MaxHeapSize                              = 67108864                                  {product} {command line}
   size_t MaxNewSize                               = 39845888                                  {product} {ergonomic}
   size_t MinHeapDeltaBytes                        = 1048576                                   {product} {ergonomic}
   size_t MinHeapSize                              = 67108864                                  {product} {command line}
    uintx NonNMethodCodeHeapSize                   = 5832780                                {pd product} {ergonomic}
    uintx NonProfiledCodeHeapSize                  = 122912730                              {pd product} {ergonomic}
    uintx ProfiledCodeHeapSize                     = 122912730                              {pd product} {ergonomic}
    uintx ReservedCodeCacheSize                    = 251658240                              {pd product} {ergonomic}
     bool SegmentedCodeCache                       = true                                      {product} {ergonomic}
   size_t SoftMaxHeapSize                          = 67108864                               {manageable} {ergonomic}
     bool UseCompressedClassPointers               = true                           {product lp64_product} {ergonomic}
     bool UseCompressedOops                        = true                           {product lp64_product} {ergonomic}
     bool UseG1GC                                  = true                                      {product} {ergonomic}
     bool UseLargePagesIndividualAllocation        = false                                  {pd product} {ergonomic}

Logging:
Log output configuration:
 #0: stdout all=warning uptime,level,tags
 #1: stderr all=off uptime,level,tags

Environment Variables:
PATH=C:\Program Files\Common Files\Oracle\Java\javapath;C:\WINDOWS\system32;C:\WINDOWS;C:\WINDOWS\System32\Wbem;C:\WINDOWS\System32\WindowsPowerShell\v1.0\;C:\WINDOWS\System32\OpenSSH\;C:\Program Files\Git\cmd;C:\Program Files\Microsoft SQL Server\150\Tools\Binn\;C:\Program Files\Microsoft SQL Server\Client SDK\ODBC\170\Tools\Binn\;C:\Program Files (x86)\Microsoft SQL Server\160\Tools\Binn\;C:\Program Files\Microsoft SQL Server\160\Tools\Binn\;C:\Program Files\Microsoft SQL Server\160\DTS\Binn\;C:\Program Files\Java\jdk-11\bin;C:\Program Files\Apache\Maven\apache-maven-3.9.9\bin;C:\Program Files\nodejs;C:\Program Files\nodejs\;C:\Program Files\php;C:\ProgramData\ComposerSetup\bin;C:\Users\makin\AppData\Local\Programs\Python\Python313\Scripts\;C:\Users\makin\AppData\Local\Programs\Python\Python313\;C:\Users\makin\AppData\Local\Programs\Python\Launcher\;c:\Users\makin\AppData\Local\Programs\Trae\bin;C:\Program Files\MySQL\MySQL Shell;C:\Program Files\MySQL\MySQL Shell 8.0\bin\;C:\Users\makin\AppData\Local\Microsoft\WindowsApps;C:\Users\makin\AppData\Local\Programs\Microsoft VS Code\bin;C:\Users\makin\.dotnet\tools;C:\Users\makin\AppData\Local\nvm;C:\Program Files\JetBrains\IntelliJ IDEA Community Edition 2024.3.5\bin;C:\Users\makin\AppData\Roaming\npm;C:\Users\makin\AppData\Local\Programs\cursor\resources\app\bin;C:\Users\makin\.dotnet\tools;C:\Users\makin\AppData\Roaming\Composer\vendor\bin;C:\ProgramData\ComposerSetup\bin;C:\Program Files\php8.3;C:\Users\makin\AppData\Local\Android\Sdk\platform-tools;C:\Program Files\Java\jdk-17\bin;C:\Program Files\dotnet\;C:\Users\makin\AppData\Local\Android\Sdk\tools;C:\Users\makin\AppData\Local\Android\Sdk\tools;C:\Program Files\MySQL\MySQL Shell 8.0\bin\;C:\Users\makin\AppData\Local\Microsoft\WindowsApps;C:\Users\makin\AppData\Local\Programs\Microsoft VS Code\bin;C:\Users\makin\.dotnet\tools;C:\Users\makin\AppData\Local\nvm;C:\Program Files\JetBrains\IntelliJ IDEA Community Edition 2024.3.5\bin;C:\Program Files\Java\jdk-11\bin;C:\
USERNAME=makin
OS=Windows_NT
PROCESSOR_IDENTIFIER=Intel64 Family 6 Model 78 Stepping 3, GenuineIntel



---------------  S Y S T E M  ---------------

OS:
 Windows 11 , 64 bit Build 22000 (10.0.22000.2538)
OS uptime: 0 days 7:15 hours

CPU: total 4 (initial active 4) (2 cores per cpu, 2 threads per core) family 6 model 78 stepping 3 microcode 0xf0, cx8, cmov, fxsr, ht, mmx, 3dnowpref, sse, sse2, sse3, ssse3, sse4.1, sse4.2, popcnt, lzcnt, tsc, tscinvbit, avx, avx2, aes, erms, clmul, bmi1, bmi2, rtm, adx, fma, vzeroupper, clflush, clflushopt

Memory: 4k page, system-wide physical 16275M (1297M free)
TotalPageFile size 43494M (AvailPageFile size 30M)
current process WorkingSet (physical memory assigned to process): 96M, peak: 98M
current process commit charge ("private bytes"): 159M, peak: 163M

vm_info: Java HotSpot(TM) 64-Bit Server VM (17.0.12+8-LTS-286) for windows-amd64 JRE (17.0.12+8-LTS-286), built on Jun  5 2024 06:46:59 by "mach5one" with MS VC++ 17.6 (VS2022)

END.
